<?xml version="1.0" encoding="UTF-8"?>
<!-- Generated by org.testng.reporters.JUnitReportReporter -->
<testsuite hostname="DESKTOP-0EAQB7G" failures="0" tests="1" name="tests.WallethubReviewTest" time="30.781" errors="0" timestamp="10 Nov 2021 20:53:35 GMT">
  <testcase classname="tests.WallethubReviewTest" name="WallethubReview" time="30.781"/>
</testsuite> <!-- tests.WallethubReviewTest -->
